1674622175229:PLACE
1674622347321:hrlp
1674622349857:help
1674622523211:place
1674622525136:PLACE
1674622528510:PLACE fvfvd
1674622553531:PLACE 0.0.LEFT
1674622559488:MOVE
1674622562402:LEFT
1674622564403:RIGHT
1674622567469:REPORT
1674630225496:PLACE 0,0,WEST
1674630229038:REPORT
1674630238061:LEFT
1674630242532:REPORT
1674630248380:LEFT
1674630253101:REPORT
1674630257372:MOVE
1674630259915:REPORT
1674630275790:exit
1674630291203:PLACE 0,0,NORTH
1674630296595:MOVE
1674630298419:REPORT
1674630308963:PLACE 0,0,NORTH
1674630311790:REPORT
1674630318527:LEFT
1674630320375:REPORT
1674630333879:PLACE 1,2,EAST
1674630337739:MOVE
1674630341729:LEFT
1674630343954:MOVE
1674630345602:REPORT
